android/app/build/intermediates/manifest_merge_blame_file/release/processReleaseMainManifest/manifest-merger-blame-release-report.txt
1<?xml version="1.0" encoding="utf-8"?>
2<manifest xmlns:android="http://schemas.android.com/apk/res/android"
3    package="com.abhirup.smb_client_app"
4    android:versionCode="4"
5    android:versionName="1.0.0" >
6
7    <uses-sdk
8        android:minSdkVersion="21"
9        android:targetSdkVersion="35" />
10
11    <uses-permission android:name="android.permission.INTERNET" />
11-->src\main\AndroidManifest.xml:2:5-66
11-->src\main\AndroidManifest.xml:2:22-64
12    <!--
13         Required to query activities that can process text, see:
14         https://developer.android.com/training/package-visibility and
15         https://developer.android.com/reference/android/content/Intent#ACTION_PROCESS_TEXT.
16
17         In particular, this is used by the Flutter engine in io.flutter.plugin.text.ProcessTextPlugin.
18    -->
19    <queries>
19-->src\main\AndroidManifest.xml:40:5-45:15
20        <intent>
20-->src\main\AndroidManifest.xml:41:9-44:18
21            <action android:name="android.intent.action.PROCESS_TEXT" />
21-->src\main\AndroidManifest.xml:42:13-72
21-->src\main\AndroidManifest.xml:42:21-70
22
23            <data android:mimeType="text/plain" />
23-->src\main\AndroidManifest.xml:43:13-50
23-->src\main\AndroidManifest.xml:43:19-48
24        </intent>
25    </queries>
26
27    <uses-permission
27-->[:open_filex] AndroidManifest.xml:8:5-10:38
28        android:name="android.permission.READ_EXTERNAL_STORAGE"
28-->[:open_filex] AndroidManifest.xml:9:9-64
29        android:maxSdkVersion="32" />
29-->[:open_filex] AndroidManifest.xml:10:9-35
30    <uses-permission android:name="android.permission.READ_MEDIA_IMAGES" />
30-->[:open_filex] AndroidManifest.xml:11:5-76
30-->[:open_filex] AndroidManifest.xml:11:22-73
31    <uses-permission android:name="android.permission.READ_MEDIA_VIDEO" />
31-->[:open_filex] AndroidManifest.xml:12:5-75
31-->[:open_filex] AndroidManifest.xml:12:22-72
32    <uses-permission android:name="android.permission.READ_MEDIA_AUDIO" />
32-->[:open_filex] AndroidManifest.xml:13:5-75
32-->[:open_filex] AndroidManifest.xml:13:22-72
33
34    <permission
34-->[androidx.core:core:1.13.1] AndroidManifest.xml:22:5-24:47
35        android:name="com.abhirup.smb_client_app.DYNAMIC_RECEIVER_NOT_EXPORTED_PERMISSION"
35-->[androidx.core:core:1.13.1] AndroidManifest.xml:23:9-81
36        android:protectionLevel="signature" />
36-->[androidx.core:core:1.13.1] AndroidManifest.xml:24:9-44
37
38    <uses-permission android:name="com.abhirup.smb_client_app.DYNAMIC_RECEIVER_NOT_EXPORTED_PERMISSION" />
38-->[androidx.core:core:1.13.1] AndroidManifest.xml:26:5-97
38-->[androidx.core:core:1.13.1] AndroidManifest.xml:26:22-94
39
40    <application
41        android:name="android.app.Application"
41-->src\main\AndroidManifest.xml:5:9-42
42        android:appComponentFactory="androidx.core.app.CoreComponentFactory"
42-->[androidx.core:core:1.13.1] AndroidManifest.xml:28:18-86
43        android:extractNativeLibs="true"
44        android:icon="@mipmap/ic_launcher"
44-->src\main\AndroidManifest.xml:6:9-43
45        android:label="SMB Client" >
45-->src\main\AndroidManifest.xml:4:9-35
46        <activity
46-->src\main\AndroidManifest.xml:7:9-28:20
47            android:name="com.abhirup.smb_client_app.MainActivity"
47-->src\main\AndroidManifest.xml:8:13-41
48            android:configChanges="orientation|keyboardHidden|keyboard|screenSize|smallestScreenSize|locale|layoutDirection|fontScale|screenLayout|density|uiMode"
48-->src\main\AndroidManifest.xml:13:13-163
49            android:exported="true"
49-->src\main\AndroidManifest.xml:9:13-36
50            android:hardwareAccelerated="true"
50-->src\main\AndroidManifest.xml:14:13-47
51            android:launchMode="singleTop"
51-->src\main\AndroidManifest.xml:10:13-43
52            android:taskAffinity=""
52-->src\main\AndroidManifest.xml:11:13-36
53            android:theme="@style/LaunchTheme"
53-->src\main\AndroidManifest.xml:12:13-47
54            android:windowSoftInputMode="adjustResize" >
54-->src\main\AndroidManifest.xml:15:13-55
55
56            <!--
57                 Specifies an Android theme to apply to this Activity as soon as
58                 the Android process has started. This theme is visible to the user
59                 while the Flutter UI initializes. After that, this theme continues
60                 to determine the Window background behind the Flutter UI.
61            -->
62            <meta-data
62-->src\main\AndroidManifest.xml:20:13-23:17
63                android:name="io.flutter.embedding.android.NormalTheme"
63-->src\main\AndroidManifest.xml:21:15-70
64                android:resource="@style/NormalTheme" />
64-->src\main\AndroidManifest.xml:22:15-52
65
66            <intent-filter>
66-->src\main\AndroidManifest.xml:24:13-27:29
67                <action android:name="android.intent.action.MAIN" />
67-->src\main\AndroidManifest.xml:25:17-68
67-->src\main\AndroidManifest.xml:25:25-66
68
69                <category android:name="android.intent.category.LAUNCHER" />
69-->src\main\AndroidManifest.xml:26:17-76
69-->src\main\AndroidManifest.xml:26:27-74
70            </intent-filter>
71        </activity>
72        <!--
73             Don't delete the meta-data below.
74             This is used by the Flutter tool to generate GeneratedPluginRegistrant.java
75        -->
76        <meta-data
76-->src\main\AndroidManifest.xml:31:9-33:33
77            android:name="flutterEmbedding"
77-->src\main\AndroidManifest.xml:32:13-44
78            android:value="2" />
78-->src\main\AndroidManifest.xml:33:13-30
79
80        <provider
80-->[:open_filex] AndroidManifest.xml:16:9-25:20
81            android:name="com.crazecoder.openfile.FileProvider"
81-->[:open_filex] AndroidManifest.xml:17:13-64
82            android:authorities="com.abhirup.smb_client_app.fileProvider.com.crazecoder.openfile"
82-->[:open_filex] AndroidManifest.xml:18:13-88
83            android:exported="false"
83-->[:open_filex] AndroidManifest.xml:19:13-37
84            android:grantUriPermissions="true" >
84-->[:open_filex] AndroidManifest.xml:20:13-47
85            <meta-data
85-->[:open_filex] AndroidManifest.xml:22:13-24:53
86                android:name="android.support.FILE_PROVIDER_PATHS"
86-->[:open_filex] AndroidManifest.xml:23:17-67
87                android:resource="@xml/filepaths" />
87-->[:open_filex] AndroidManifest.xml:24:17-50
88        </provider>
89        <provider
89-->[androidx.emoji2:emoji2:1.2.0] AndroidManifest.xml:24:9-32:20
90            android:name="androidx.startup.InitializationProvider"
90-->[androidx.emoji2:emoji2:1.2.0] AndroidManifest.xml:25:13-67
91            android:authorities="com.abhirup.smb_client_app.androidx-startup"
91-->[androidx.emoji2:emoji2:1.2.0] AndroidManifest.xml:26:13-68
92            android:exported="false" >
92-->[androidx.emoji2:emoji2:1.2.0] AndroidManifest.xml:27:13-37
93            <meta-data
93-->[androidx.emoji2:emoji2:1.2.0] AndroidManifest.xml:29:13-31:52
94                android:name="androidx.emoji2.text.EmojiCompatInitializer"
94-->[androidx.emoji2:emoji2:1.2.0] AndroidManifest.xml:30:17-75
95                android:value="androidx.startup" />
95-->[androidx.emoji2:emoji2:1.2.0] AndroidManifest.xml:31:17-49
96            <meta-data
96-->[androidx.lifecycle:lifecycle-process:2.7.0] AndroidManifest.xml:29:13-31:52
97                android:name="androidx.lifecycle.ProcessLifecycleInitializer"
97-->[androidx.lifecycle:lifecycle-process:2.7.0] AndroidManifest.xml:30:17-78
98                android:value="androidx.startup" />
98-->[androidx.lifecycle:lifecycle-process:2.7.0] AndroidManifest.xml:31:17-49
99            <meta-data
99-->[androidx.profileinstaller:profileinstaller:1.3.1] AndroidManifest.xml:29:13-31:52
100                android:name="androidx.profileinstaller.ProfileInstallerInitializer"
100-->[androidx.profileinstaller:profileinstaller:1.3.1] AndroidManifest.xml:30:17-85
101                android:value="androidx.startup" />
101-->[androidx.profileinstaller:profileinstaller:1.3.1] AndroidManifest.xml:31:17-49
102        </provider>
103
104        <uses-library
104-->[androidx.window:window:1.2.0] AndroidManifest.xml:23:9-25:40
105            android:name="androidx.window.extensions"
105-->[androidx.window:window:1.2.0] AndroidManifest.xml:24:13-54
106            android:required="false" />
106-->[androidx.window:window:1.2.0] AndroidManifest.xml:25:13-37
107        <uses-library
107-->[androidx.window:window:1.2.0] AndroidManifest.xml:26:9-28:40
108            android:name="androidx.window.sidecar"
108-->[androidx.window:window:1.2.0] AndroidManifest.xml:27:13-51
109            android:required="false" />
109-->[androidx.window:window:1.2.0] AndroidManifest.xml:28:13-37
110
111        <receiver
111-->[androidx.profileinstaller:profileinstaller:1.3.1] AndroidManifest.xml:34:9-52:20
112            android:name="androidx.profileinstaller.ProfileInstallReceiver"
112-->[androidx.profileinstaller:profileinstaller:1.3.1] AndroidManifest.xml:35:13-76
113            android:directBootAware="false"
113-->[androidx.profileinstaller:profileinstaller:1.3.1] AndroidManifest.xml:36:13-44
114            android:enabled="true"
114-->[androidx.profileinstaller:profileinstaller:1.3.1] AndroidManifest.xml:37:13-35
115            android:exported="true"
115-->[androidx.profileinstaller:profileinstaller:1.3.1] AndroidManifest.xml:38:13-36
116            android:permission="android.permission.DUMP" >
116-->[androidx.profileinstaller:profileinstaller:1.3.1] AndroidManifest.xml:39:13-57
117            <intent-filter>
117-->[androidx.profileinstaller:profileinstaller:1.3.1] AndroidManifest.xml:40:13-42:29
118                <action android:name="androidx.profileinstaller.action.INSTALL_PROFILE" />
118-->[androidx.profileinstaller:profileinstaller:1.3.1] AndroidManifest.xml:41:17-91
118-->[androidx.profileinstaller:profileinstaller:1.3.1] AndroidManifest.xml:41:25-88
119            </intent-filter>
120            <intent-filter>
120-->[androidx.profileinstaller:profileinstaller:1.3.1] AndroidManifest.xml:43:13-45:29
121                <action android:name="androidx.profileinstaller.action.SKIP_FILE" />
121-->[androidx.profileinstaller:profileinstaller:1.3.1] AndroidManifest.xml:44:17-85
121-->[androidx.profileinstaller:profileinstaller:1.3.1] AndroidManifest.xml:44:25-82
122            </intent-filter>
123            <intent-filter>
123-->[androidx.profileinstaller:profileinstaller:1.3.1] AndroidManifest.xml:46:13-48:29
124                <action android:name="androidx.profileinstaller.action.SAVE_PROFILE" />
124-->[androidx.profileinstaller:profileinstaller:1.3.1] AndroidManifest.xml:47:17-88
124-->[androidx.profileinstaller:profileinstaller:1.3.1] AndroidManifest.xml:47:25-85
125            </intent-filter>
126            <intent-filter>
126-->[androidx.profileinstaller:profileinstaller:1.3.1] AndroidManifest.xml:49:13-51:29
127                <action android:name="androidx.profileinstaller.action.BENCHMARK_OPERATION" />
127-->[androidx.profileinstaller:profileinstaller:1.3.1] AndroidManifest.xml:50:17-95
127-->[androidx.profileinstaller:profileinstaller:1.3.1] AndroidManifest.xml:50:25-92
128            </intent-filter>
129        </receiver>
130    </application>
131
132</manifest>